#-----------------------------------------------------------
# Vivado v2020.2 (64-bit)
# SW Build 3064766 on Wed Nov 18 09:12:45 MST 2020
# IP Build 3064653 on Wed Nov 18 14:17:31 MST 2020
# Start of session at: Thu Feb 25 22:19:30 2021
# Process ID: 16108
# Current directory: C:/Users/uzivatel/Documents/github/Digital-electronics-1/Labs/03-vivado/mux_2bit_4to1
# Command line: vivado.exe -gui_launcher_event rodinguilauncherevent15420 C:\Users\uzivatel\Documents\github\Digital-electronics-1\Labs\03-vivado\mux_2bit_4to1\mux_2bit_4to1.xpr
# Log file: C:/Users/uzivatel/Documents/github/Digital-electronics-1/Labs/03-vivado/mux_2bit_4to1/vivado.log
# Journal file: C:/Users/uzivatel/Documents/github/Digital-electronics-1/Labs/03-vivado/mux_2bit_4to1\vivado.jou
#-----------------------------------------------------------
start_gui
open_project C:/Users/uzivatel/Documents/github/Digital-electronics-1/Labs/03-vivado/mux_2bit_4to1/mux_2bit_4to1.xpr
INFO: [ProjectBase 1-489] The host OS only allows 260 characters in a normal path. The project is stored in a path with more than 80 characters. If you experience issues with IP, Block Designs, or files not being found, please consider moving the project to a location with a shorter path. Alternately consider using the OS subst command to map part of the path to a drive letter.
Current project path is 'C:/Users/uzivatel/Documents/github/Digital-electronics-1/Labs/03-vivado/mux_2bit_4to1'
WARNING: [filemgmt 56-3] Default IP Output Path : Could not find the directory 'C:/Users/uzivatel/Documents/github/Digital-electronics-1/Labs/03-vivado/mux_2bit_4to1/mux_2bit_4to1.gen/sources_1'.
Scanning sources...
Finished scanning sources
INFO: [IP_Flow 19-234] Refreshing IP repositories
INFO: [IP_Flow 19-1704] No user IP repositories specified
INFO: [IP_Flow 19-2313] Loaded Vivado IP repository 'C:/Xilinx/Vivado/2020.2/data/ip'.
open_project: Time (s): cpu = 00:00:20 ; elapsed = 00:00:08 . Memory (MB): peak = 1002.910 ; gain = 0.000
